<!DOCTYPE html>

<html>
  <head>
  <meta charset='utf-8'>
  <title>TestNG reports</title>

    <link type="text/css" href="testng-reports1.css" rel="stylesheet" id="ultra" />
    <link type="text/css" href="testng-reports.css" rel="stylesheet" id="retro" disabled="false"/>
    <script type="text/javascript" src="jquery-3.4.1.min.js"></script>
    <script type="text/javascript" src="testng-reports.js"></script>
    <script type="text/javascript" src="https://www.google.com/jsapi"></script>
    <script type='text/javascript'>
      google.load('visualization', '1', {packages:['table']});
      google.setOnLoadCallback(drawTable);
      var suiteTableInitFunctions = new Array();
      var suiteTableData = new Array();
    </script>
    <!--
      <script type="text/javascript" src="jquery-ui/js/jquery-ui-1.8.16.custom.min.js"></script>
     -->
  </head>

  <body>
    <div class="top-banner-root">
      <span class="top-banner-title-font">Test results</span>
      <button class="button" id="button">Switch Retro Theme</button> <!-- button -->
      <br/>
      <span class="top-banner-font-1">1 suite, 3 failed tests</span>
    </div> <!-- top-banner-root -->
    <div class="navigator-root">
      <div class="navigator-suite-header">
        <span>All suites</span>
        <a href="#" class="collapse-all-link" title="Collapse/expand all the suites">
          <img class="collapse-all-icon" src="collapseall.gif">
          </img> <!-- collapse-all-icon -->
        </a> <!-- collapse-all-link -->
      </div> <!-- navigator-suite-header -->
      <div class="suite">
        <div class="rounded-window">
          <div class="suite-header light-rounded-window-top">
            <a href="#" class="navigator-link" panel-name="suite-Default_suite">
              <span class="suite-name border-failed">Default suite</span>
            </a> <!-- navigator-link -->
          </div> <!-- suite-header light-rounded-window-top -->
          <div class="navigator-suite-content">
            <div class="suite-section-title">
              <span>Info</span>
            </div> <!-- suite-section-title -->
            <div class="suite-section-content">
              <ul>
                <li>
                  <a href="#" class="navigator-link " panel-name="test-xml-Default_suite">
                    <span>C:\Users\tejas\AppData\Local\Temp\testng-eclipse-375372023\testng-customsuite.xml</span>
                  </a> <!-- navigator-link  -->
                </li>
                <li>
                  <a href="#" class="navigator-link " panel-name="testlist-Default_suite">
                    <span class="test-stats">1 test</span>
                  </a> <!-- navigator-link  -->
                </li>
                <li>
                  <a href="#" class="navigator-link " panel-name="group-Default_suite">
                    <span>0 groups</span>
                  </a> <!-- navigator-link  -->
                </li>
                <li>
                  <a href="#" class="navigator-link " panel-name="times-Default_suite">
                    <span>Times</span>
                  </a> <!-- navigator-link  -->
                </li>
                <li>
                  <a href="#" class="navigator-link " panel-name="reporter-Default_suite">
                    <span>Reporter output</span>
                  </a> <!-- navigator-link  -->
                </li>
                <li>
                  <a href="#" class="navigator-link " panel-name="ignored-methods-Default_suite">
                    <span>Ignored methods</span>
                  </a> <!-- navigator-link  -->
                </li>
                <li>
                  <a href="#" class="navigator-link " panel-name="chronological-Default_suite">
                    <span>Chronological view</span>
                  </a> <!-- navigator-link  -->
                </li>
              </ul>
            </div> <!-- suite-section-content -->
            <div class="result-section">
              <div class="suite-section-title">
                <span>Results</span>
              </div> <!-- suite-section-title -->
              <div class="suite-section-content">
                <ul>
                  <li>
                    <span class="method-stats">29 methods, 3 failed,   26 passed</span>
                  </li>
                  <li>
                    <span class="method-list-title failed">Failed methods</span>
                    <span class="show-or-hide-methods failed">
                      <a href="#" panel-name="suite-Default_suite" class="hide-methods failed suite-Default_suite"> (hide)</a> <!-- hide-methods failed suite-Default_suite -->
                      <a href="#" panel-name="suite-Default_suite" class="show-methods failed suite-Default_suite"> (show)</a> <!-- show-methods failed suite-Default_suite -->
                    </span>
                    <div class="method-list-content failed suite-Default_suite">
                      <span>
                        <img width="3%" src="failed.png"/>
                        <a href="#" class="method navigator-link" panel-name="suite-Default_suite" title="com.shp.automation.products.test.ProductSearchTest" hash-for-method="productSearchTest">productSearchTest</a> <!-- method navigator-link -->
                      </span>
                      <br/>
                      <span>
                        <img width="3%" src="failed.png"/>
                        <a href="#" class="method navigator-link" panel-name="suite-Default_suite" title="com.shp.automation.products.test.ProductTest" hash-for-method="productTest">productTest</a> <!-- method navigator-link -->
                      </span>
                      <br/>
                      <span>
                        <img width="3%" src="failed.png"/>
                        <a href="#" class="method navigator-link" panel-name="suite-Default_suite" title="com.shp.automation.products.test.ProductDetailsTest" hash-for-method="searchProductDPTest(abc)">searchProductDPTest(abc)</a> <!-- method navigator-link -->
                      </span>
                      <br/>
                    </div> <!-- method-list-content failed suite-Default_suite -->
                  </li>
                  <li>
                    <span class="method-list-title passed">Passed methods</span>
                    <span class="show-or-hide-methods passed">
                      <a href="#" panel-name="suite-Default_suite" class="hide-methods passed suite-Default_suite"> (hide)</a> <!-- hide-methods passed suite-Default_suite -->
                      <a href="#" panel-name="suite-Default_suite" class="show-methods passed suite-Default_suite"> (show)</a> <!-- show-methods passed suite-Default_suite -->
                    </span>
                    <div class="method-list-content passed suite-Default_suite">
                      <span>
                        <img width="3%" src="passed.png"/>
                        <a href="#" class="method navigator-link" panel-name="suite-Default_suite" title="com.shp.automation.home.test.HeaderTest" hash-for-method="headerTest">headerTest</a> <!-- method navigator-link -->
                      </span>
                      <br/>
                      <span>
                        <img width="3%" src="passed.png"/>
                        <a href="#" class="method navigator-link" panel-name="suite-Default_suite" title="com.shp.automation.test.register.InvalidRegistrationTest" hash-for-method="invalidRegistrationTest">invalidRegistrationTest</a> <!-- method navigator-link -->
                      </span>
                      <br/>
                      <span>
                        <img width="3%" src="passed.png"/>
                        <a href="#" class="method navigator-link" panel-name="suite-Default_suite" title="com.shp.automation.test.register.RegisterFieldsTest" hash-for-method="isEmailFieldPresent">isEmailFieldPresent</a> <!-- method navigator-link -->
                      </span>
                      <br/>
                      <span>
                        <img width="3%" src="passed.png"/>
                        <a href="#" class="method navigator-link" panel-name="suite-Default_suite" title="com.shp.automation.test.register.RegisterFieldsTest" hash-for-method="isNameFieldPresent">isNameFieldPresent</a> <!-- method navigator-link -->
                      </span>
                      <br/>
                      <span>
                        <img width="3%" src="passed.png"/>
                        <a href="#" class="method navigator-link" panel-name="suite-Default_suite" title="com.shp.automation.test.register.RegisterFieldsTest" hash-for-method="isPasswordFieldPresent">isPasswordFieldPresent</a> <!-- method navigator-link -->
                      </span>
                      <br/>
                      <span>
                        <img width="3%" src="passed.png"/>
                        <a href="#" class="method navigator-link" panel-name="suite-Default_suite" title="com.shp.automation.test.register.RegisterFieldsTest" hash-for-method="isPhoneFieldPresent">isPhoneFieldPresent</a> <!-- method navigator-link -->
                      </span>
                      <br/>
                      <span>
                        <img width="3%" src="passed.png"/>
                        <a href="#" class="method navigator-link" panel-name="suite-Default_suite" title="com.shp.automation.test.register.RegisterFieldsTest" hash-for-method="isUsernamePresent">isUsernamePresent</a> <!-- method navigator-link -->
                      </span>
                      <br/>
                      <span>
                        <img width="3%" src="passed.png"/>
                        <a href="#" class="method navigator-link" panel-name="suite-Default_suite" title="com.shp.automation.test.uservalidation.LoginSanityTest" hash-for-method="launchTest">launchTest</a> <!-- method navigator-link -->
                      </span>
                      <br/>
                      <span>
                        <img width="3%" src="passed.png"/>
                        <a href="#" class="method navigator-link" panel-name="suite-Default_suite" title="com.shp.automation.home.test.HomeTest" hash-for-method="launchTest">launchTest</a> <!-- method navigator-link -->
                      </span>
                      <br/>
                      <span>
                        <img width="3%" src="passed.png"/>
                        <a href="#" class="method navigator-link" panel-name="suite-Default_suite" title="com.shp.automation.test.uservalidation.LoginSanityTest" hash-for-method="loginLinkTest">loginLinkTest</a> <!-- method navigator-link -->
                      </span>
                      <br/>
                      <span>
                        <img width="3%" src="passed.png"/>
                        <a href="#" class="method navigator-link" panel-name="suite-Default_suite" title="com.shp.automation.test.uservalidation.LoginNegativeTest" hash-for-method="loginNegativeTest">loginNegativeTest</a> <!-- method navigator-link -->
                      </span>
                      <br/>
                      <span>
                        <img width="3%" src="passed.png"/>
                        <a href="#" class="method navigator-link" panel-name="suite-Default_suite" title="com.shp.automation.test.uservalidation.UserLoginTest" hash-for-method="loginTest(akash, akash)">loginTest(akash, akash)</a> <!-- method navigator-link -->
                      </span>
                      <br/>
                      <span>
                        <img width="3%" src="passed.png"/>
                        <a href="#" class="method navigator-link" panel-name="suite-Default_suite" title="com.shp.automation.test.uservalidation.UserLoginTest" hash-for-method="loginTest(usertest, usertest)">loginTest(usertest, usertest)</a> <!-- method navigator-link -->
                      </span>
                      <br/>
                      <span>
                        <img width="3%" src="passed.png"/>
                        <a href="#" class="method navigator-link" panel-name="suite-Default_suite" title="com.shp.automation.test.uservalidation.UserLoginTest" hash-for-method="loginTest(testuser, testuser)">loginTest(testuser, testuser)</a> <!-- method navigator-link -->
                      </span>
                      <br/>
                      <span>
                        <img width="3%" src="passed.png"/>
                        <a href="#" class="method navigator-link" panel-name="suite-Default_suite" title="com.shp.automation.home.test.HomeTest" hash-for-method="logoNavigationTest">logoNavigationTest</a> <!-- method navigator-link -->
                      </span>
                      <br/>
                      <span>
                        <img width="3%" src="passed.png"/>
                        <a href="#" class="method navigator-link" panel-name="suite-Default_suite" title="com.shp.automation.home.test.HomeTest" hash-for-method="logoTest">logoTest</a> <!-- method navigator-link -->
                      </span>
                      <br/>
                      <span>
                        <img width="3%" src="passed.png"/>
                        <a href="#" class="method navigator-link" panel-name="suite-Default_suite" title="com.shp.automation.test.uservalidation.UserLoginTest" hash-for-method="naviagateToLoginTest">naviagateToLoginTest</a> <!-- method navigator-link -->
                      </span>
                      <br/>
                      <span>
                        <img width="3%" src="passed.png"/>
                        <a href="#" class="method navigator-link" panel-name="suite-Default_suite" title="com.shp.automation.products.test.ProductDetailsTest" hash-for-method="naviagateToProductTest">naviagateToProductTest</a> <!-- method navigator-link -->
                      </span>
                      <br/>
                      <span>
                        <img width="3%" src="passed.png"/>
                        <a href="#" class="method navigator-link" panel-name="suite-Default_suite" title="com.shp.automation.test.uservalidation.LoginSanityTest" hash-for-method="navigateToLoginTest">navigateToLoginTest</a> <!-- method navigator-link -->
                      </span>
                      <br/>
                      <span>
                        <img width="3%" src="passed.png"/>
                        <a href="#" class="method navigator-link" panel-name="suite-Default_suite" title="com.shp.automation.test.register.RegisterFieldsTest" hash-for-method="navigateToRegisterPage">navigateToRegisterPage</a> <!-- method navigator-link -->
                      </span>
                      <br/>
                      <span>
                        <img width="3%" src="passed.png"/>
                        <a href="#" class="method navigator-link" panel-name="suite-Default_suite" title="com.shp.automation.test.register.RegisterSanityTest" hash-for-method="registerSanityTest">registerSanityTest</a> <!-- method navigator-link -->
                      </span>
                      <br/>
                      <span>
                        <img width="3%" src="passed.png"/>
                        <a href="#" class="method navigator-link" panel-name="suite-Default_suite" title="com.shp.automation.products.test.ProductDetailsTest" hash-for-method="searchProductDPTest(litika)">searchProductDPTest(litika)</a> <!-- method navigator-link -->
                      </span>
                      <br/>
                      <span>
                        <img width="3%" src="passed.png"/>
                        <a href="#" class="method navigator-link" panel-name="suite-Default_suite" title="com.shp.automation.products.test.ProductDetailsTest" hash-for-method="searchProductDPTest(http)">searchProductDPTest(http)</a> <!-- method navigator-link -->
                      </span>
                      <br/>
                      <span>
                        <img width="3%" src="passed.png"/>
                        <a href="#" class="method navigator-link" panel-name="suite-Default_suite" title="com.shp.automation.products.test.ProductDetailsTest" hash-for-method="searchProductDPTest(shruti)">searchProductDPTest(shruti)</a> <!-- method navigator-link -->
                      </span>
                      <br/>
                      <span>
                        <img width="3%" src="passed.png"/>
                        <a href="#" class="method navigator-link" panel-name="suite-Default_suite" title="com.shp.automation.products.test.ProductDetailsTest" hash-for-method="searchProductDPTest(test)">searchProductDPTest(test)</a> <!-- method navigator-link -->
                      </span>
                      <br/>
                      <span>
                        <img width="3%" src="passed.png"/>
                        <a href="#" class="method navigator-link" panel-name="suite-Default_suite" title="com.shp.automation.products.test.ProductDetailsTest" hash-for-method="searchProductTest">searchProductTest</a> <!-- method navigator-link -->
                      </span>
                      <br/>
                    </div> <!-- method-list-content passed suite-Default_suite -->
                  </li>
                </ul>
              </div> <!-- suite-section-content -->
            </div> <!-- result-section -->
          </div> <!-- navigator-suite-content -->
        </div> <!-- rounded-window -->
      </div> <!-- suite -->
    </div> <!-- navigator-root -->
    <div class="wrapper">
      <div class="main-panel-root">
        <div panel-name="suite-Default_suite" class="panel Default_suite">
          <div class="suite-Default_suite-class-failed">
            <div class="main-panel-header rounded-window-top">
              <img src="failed.png"/>
              <span class="class-name">com.shp.automation.products.test.ProductTest</span>
            </div> <!-- main-panel-header rounded-window-top -->
            <div class="main-panel-content rounded-window-bottom">
              <div class="method">
                <div class="method-content">
                  <a name="productTest">
                  </a> <!-- productTest -->
                  <span class="method-name">productTest</span>
                  <div class="stack-trace">org.openqa.selenium.NoSuchElementException: Unable to locate element: //div[@class=&apos;carousel-caption&apos;]
For documentation on this error, please visit: https://www.seleniumhq.org/exceptions/no_such_element.html
Build info: version: &apos;3.141.59&apos;, revision: &apos;e82be7d358&apos;, time: &apos;2018-11-14T08:17:03&apos;
System info: host: &apos;LAPTOP-1TDA76TJ&apos;, ip: &apos;192.168.0.137&apos;, os.name: &apos;Windows 10&apos;, os.arch: &apos;amd64&apos;, os.version: &apos;10.0&apos;, java.version: &apos;1.8.0_251&apos;
Driver info: org.openqa.selenium.firefox.FirefoxDriver
Capabilities {acceptInsecureCerts: true, browserName: firefox, browserVersion: 84.0.1, javascriptEnabled: true, moz:accessibilityChecks: false, moz:buildID: 20201221152838, moz:geckodriverVersion: 0.27.0, moz:headless: false, moz:processID: 10476, moz:profile: C:\Users\tejas\AppData\Loca..., moz:shutdownTimeout: 60000, moz:useNonSpecCompliantPointerOrigin: false, moz:webdriverClick: true, pageLoadStrategy: normal, platform: WINDOWS, platformName: WINDOWS, platformVersion: 10.0, rotatable: false, setWindowRect: true, strictFileInteractability: false, timeouts: {implicit: 0, pageLoad: 300000, script: 30000}, unhandledPromptBehavior: dismiss and notify}
Session ID: b3c75d24-871d-4ad1-9029-3ff22a19d5ad
*** Element info: {Using=xpath, value=//div[@class=&apos;carousel-caption&apos;]}
	at sun.reflect.NativeConstructorAccessorImpl.newInstance0(Native Method)
	at sun.reflect.NativeConstructorAccessorImpl.newInstance(Unknown Source)
	at sun.reflect.DelegatingConstructorAccessorImpl.newInstance(Unknown Source)
	at java.lang.reflect.Constructor.newInstance(Unknown Source)
	at org.openqa.selenium.remote.http.W3CHttpResponseCodec.createException(W3CHttpResponseCodec.java:187)
	at org.openqa.selenium.remote.http.W3CHttpResponseCodec.decode(W3CHttpResponseCodec.java:122)
	at org.openqa.selenium.remote.http.W3CHttpResponseCodec.decode(W3CHttpResponseCodec.java:49)
	at org.openqa.selenium.remote.HttpCommandExecutor.execute(HttpCommandExecutor.java:158)
	at org.openqa.selenium.remote.service.DriverCommandExecutor.execute(DriverCommandExecutor.java:83)
	at org.openqa.selenium.remote.RemoteWebDriver.execute(RemoteWebDriver.java:552)
	at org.openqa.selenium.remote.RemoteWebDriver.findElement(RemoteWebDriver.java:323)
	at org.openqa.selenium.remote.RemoteWebDriver.findElementByXPath(RemoteWebDriver.java:428)
	at org.openqa.selenium.By$ByXPath.findElement(By.java:353)
	at org.openqa.selenium.remote.RemoteWebDriver.findElement(RemoteWebDriver.java:315)
	at org.openqa.selenium.support.pagefactory.DefaultElementLocator.findElement(DefaultElementLocator.java:69)
	at org.openqa.selenium.support.pagefactory.internal.LocatingElementHandler.invoke(LocatingElementHandler.java:38)
	at com.sun.proxy.$Proxy26.isDisplayed(Unknown Source)
	at com.shp.automation.pages.home.HomePage.isCarouselPresent(HomePage.java:29)
	at com.shp.automation.products.test.ProductTest.productTest(ProductTest.java:24)
	at sun.reflect.NativeMethodAccessorImpl.invoke0(Native Method)
	at sun.reflect.NativeMethodAccessorImpl.invoke(Unknown Source)
	at sun.reflect.DelegatingMethodAccessorImpl.invoke(Unknown Source)
	at java.lang.reflect.Method.invoke(Unknown Source)
	at org.testng.internal.MethodInvocationHelper.invokeMethod(MethodInvocationHelper.java:132)
	at org.testng.internal.TestInvoker.invokeMethod(TestInvoker.java:599)
	at org.testng.internal.TestInvoker.invokeTestMethod(TestInvoker.java:174)
	at org.testng.internal.MethodRunner.runInSequence(MethodRunner.java:46)
	at org.testng.internal.TestInvoker$MethodInvocationAgent.invoke(TestInvoker.java:822)
	at org.testng.internal.TestInvoker.invokeTestMethods(TestInvoker.java:147)
	at org.testng.internal.TestMethodWorker.invokeTestMethods(TestMethodWorker.java:146)
	at org.testng.internal.TestMethodWorker.run(TestMethodWorker.java:128)
	at java.util.ArrayList.forEach(Unknown Source)
	at org.testng.TestRunner.privateRun(TestRunner.java:764)
	at org.testng.TestRunner.run(TestRunner.java:585)
	at org.testng.SuiteRunner.runTest(SuiteRunner.java:384)
	at org.testng.SuiteRunner.runSequentially(SuiteRunner.java:378)
	at org.testng.SuiteRunner.privateRun(SuiteRunner.java:337)
	at org.testng.SuiteRunner.run(SuiteRunner.java:286)
	at org.testng.SuiteRunnerWorker.runSuite(SuiteRunnerWorker.java:53)
	at org.testng.SuiteRunnerWorker.run(SuiteRunnerWorker.java:96)
	at org.testng.TestNG.runSuitesSequentially(TestNG.java:1218)
	at org.testng.TestNG.runSuitesLocally(TestNG.java:1140)
	at org.testng.TestNG.runSuites(TestNG.java:1069)
	at org.testng.TestNG.run(TestNG.java:1037)
	at org.testng.remote.AbstractRemoteTestNG.run(AbstractRemoteTestNG.java:115)
	at org.testng.remote.RemoteTestNG.initAndRun(RemoteTestNG.java:251)
	at org.testng.remote.RemoteTestNG.main(RemoteTestNG.java:77)

</div> <!-- stack-trace -->
                </div> <!-- method-content -->
              </div> <!-- method -->
            </div> <!-- main-panel-content rounded-window-bottom -->
          </div> <!-- suite-Default_suite-class-failed -->
          <div class="suite-Default_suite-class-failed">
            <div class="main-panel-header rounded-window-top">
              <img src="failed.png"/>
              <span class="class-name">com.shp.automation.products.test.ProductDetailsTest</span>
            </div> <!-- main-panel-header rounded-window-top -->
            <div class="main-panel-content rounded-window-bottom">
              <div class="method">
                <div class="method-content">
                  <a name="searchProductDPTest(abc)">
                  </a> <!-- searchProductDPTest(abc) -->
                  <span class="method-name">searchProductDPTest</span>
                  <span class="parameters">(abc)</span>
                  <div class="stack-trace">org.openqa.selenium.NoSuchElementException: Unable to locate element: //a[contains(text(),&apos;View&apos;)]
For documentation on this error, please visit: https://www.seleniumhq.org/exceptions/no_such_element.html
Build info: version: &apos;3.141.59&apos;, revision: &apos;e82be7d358&apos;, time: &apos;2018-11-14T08:17:03&apos;
System info: host: &apos;LAPTOP-1TDA76TJ&apos;, ip: &apos;192.168.0.137&apos;, os.name: &apos;Windows 10&apos;, os.arch: &apos;amd64&apos;, os.version: &apos;10.0&apos;, java.version: &apos;1.8.0_251&apos;
Driver info: org.openqa.selenium.firefox.FirefoxDriver
Capabilities {acceptInsecureCerts: true, browserName: firefox, browserVersion: 84.0.1, javascriptEnabled: true, moz:accessibilityChecks: false, moz:buildID: 20201221152838, moz:geckodriverVersion: 0.27.0, moz:headless: false, moz:processID: 10476, moz:profile: C:\Users\tejas\AppData\Loca..., moz:shutdownTimeout: 60000, moz:useNonSpecCompliantPointerOrigin: false, moz:webdriverClick: true, pageLoadStrategy: normal, platform: WINDOWS, platformName: WINDOWS, platformVersion: 10.0, rotatable: false, setWindowRect: true, strictFileInteractability: false, timeouts: {implicit: 0, pageLoad: 300000, script: 30000}, unhandledPromptBehavior: dismiss and notify}
Session ID: b3c75d24-871d-4ad1-9029-3ff22a19d5ad
*** Element info: {Using=xpath, value=//a[contains(text(),&apos;View&apos;)]}
	at sun.reflect.NativeConstructorAccessorImpl.newInstance0(Native Method)
	at sun.reflect.NativeConstructorAccessorImpl.newInstance(Unknown Source)
	at sun.reflect.DelegatingConstructorAccessorImpl.newInstance(Unknown Source)
	at java.lang.reflect.Constructor.newInstance(Unknown Source)
	at org.openqa.selenium.remote.http.W3CHttpResponseCodec.createException(W3CHttpResponseCodec.java:187)
	at org.openqa.selenium.remote.http.W3CHttpResponseCodec.decode(W3CHttpResponseCodec.java:122)
	at org.openqa.selenium.remote.http.W3CHttpResponseCodec.decode(W3CHttpResponseCodec.java:49)
	at org.openqa.selenium.remote.HttpCommandExecutor.execute(HttpCommandExecutor.java:158)
	at org.openqa.selenium.remote.service.DriverCommandExecutor.execute(DriverCommandExecutor.java:83)
	at org.openqa.selenium.remote.RemoteWebDriver.execute(RemoteWebDriver.java:552)
	at org.openqa.selenium.remote.RemoteWebDriver.findElement(RemoteWebDriver.java:323)
	at org.openqa.selenium.remote.RemoteWebDriver.findElementByXPath(RemoteWebDriver.java:428)
	at org.openqa.selenium.By$ByXPath.findElement(By.java:353)
	at org.openqa.selenium.remote.RemoteWebDriver.findElement(RemoteWebDriver.java:315)
	at org.openqa.selenium.support.pagefactory.DefaultElementLocator.findElement(DefaultElementLocator.java:69)
	at org.openqa.selenium.support.pagefactory.internal.LocatingElementHandler.invoke(LocatingElementHandler.java:38)
	at com.sun.proxy.$Proxy26.isDisplayed(Unknown Source)
	at com.shp.automation.pages.products.ProductsPage.isViewButtonPresent(ProductsPage.java:66)
	at com.shp.automation.products.test.ProductDetailsTest.searchProductDPTest(ProductDetailsTest.java:50)
	at sun.reflect.NativeMethodAccessorImpl.invoke0(Native Method)
	at sun.reflect.NativeMethodAccessorImpl.invoke(Unknown Source)
	at sun.reflect.DelegatingMethodAccessorImpl.invoke(Unknown Source)
	at java.lang.reflect.Method.invoke(Unknown Source)
	at org.testng.internal.MethodInvocationHelper.invokeMethod(MethodInvocationHelper.java:132)
	at org.testng.internal.TestInvoker.invokeMethod(TestInvoker.java:599)
	at org.testng.internal.TestInvoker.invokeTestMethod(TestInvoker.java:174)
	at org.testng.internal.MethodRunner.runInSequence(MethodRunner.java:46)
	at org.testng.internal.TestInvoker$MethodInvocationAgent.invoke(TestInvoker.java:822)
	at org.testng.internal.TestInvoker.invokeTestMethods(TestInvoker.java:147)
	at org.testng.internal.TestMethodWorker.invokeTestMethods(TestMethodWorker.java:146)
	at org.testng.internal.TestMethodWorker.run(TestMethodWorker.java:128)
	at java.util.ArrayList.forEach(Unknown Source)
	at org.testng.TestRunner.privateRun(TestRunner.java:764)
	at org.testng.TestRunner.run(TestRunner.java:585)
	at org.testng.SuiteRunner.runTest(SuiteRunner.java:384)
	at org.testng.SuiteRunner.runSequentially(SuiteRunner.java:378)
	at org.testng.SuiteRunner.privateRun(SuiteRunner.java:337)
	at org.testng.SuiteRunner.run(SuiteRunner.java:286)
	at org.testng.SuiteRunnerWorker.runSuite(SuiteRunnerWorker.java:53)
	at org.testng.SuiteRunnerWorker.run(SuiteRunnerWorker.java:96)
	at org.testng.TestNG.runSuitesSequentially(TestNG.java:1218)
	at org.testng.TestNG.runSuitesLocally(TestNG.java:1140)
	at org.testng.TestNG.runSuites(TestNG.java:1069)
	at org.testng.TestNG.run(TestNG.java:1037)
	at org.testng.remote.AbstractRemoteTestNG.run(AbstractRemoteTestNG.java:115)
	at org.testng.remote.RemoteTestNG.initAndRun(RemoteTestNG.java:251)
	at org.testng.remote.RemoteTestNG.main(RemoteTestNG.java:77)

</div> <!-- stack-trace -->
                </div> <!-- method-content -->
              </div> <!-- method -->
            </div> <!-- main-panel-content rounded-window-bottom -->
          </div> <!-- suite-Default_suite-class-failed -->
          <div class="suite-Default_suite-class-failed">
            <div class="main-panel-header rounded-window-top">
              <img src="failed.png"/>
              <span class="class-name">com.shp.automation.products.test.ProductSearchTest</span>
            </div> <!-- main-panel-header rounded-window-top -->
            <div class="main-panel-content rounded-window-bottom">
              <div class="method">
                <div class="method-content">
                  <a name="productSearchTest">
                  </a> <!-- productSearchTest -->
                  <span class="method-name">productSearchTest</span>
                  <div class="stack-trace">org.openqa.selenium.NoSuchElementException: Unable to locate element: //div[contains(text(),&apos;filtered from 120 total entries&apos;)]
For documentation on this error, please visit: https://www.seleniumhq.org/exceptions/no_such_element.html
Build info: version: &apos;3.141.59&apos;, revision: &apos;e82be7d358&apos;, time: &apos;2018-11-14T08:17:03&apos;
System info: host: &apos;LAPTOP-1TDA76TJ&apos;, ip: &apos;192.168.0.137&apos;, os.name: &apos;Windows 10&apos;, os.arch: &apos;amd64&apos;, os.version: &apos;10.0&apos;, java.version: &apos;1.8.0_251&apos;
Driver info: org.openqa.selenium.firefox.FirefoxDriver
Capabilities {acceptInsecureCerts: true, browserName: firefox, browserVersion: 84.0.1, javascriptEnabled: true, moz:accessibilityChecks: false, moz:buildID: 20201221152838, moz:geckodriverVersion: 0.27.0, moz:headless: false, moz:processID: 10476, moz:profile: C:\Users\tejas\AppData\Loca..., moz:shutdownTimeout: 60000, moz:useNonSpecCompliantPointerOrigin: false, moz:webdriverClick: true, pageLoadStrategy: normal, platform: WINDOWS, platformName: WINDOWS, platformVersion: 10.0, rotatable: false, setWindowRect: true, strictFileInteractability: false, timeouts: {implicit: 0, pageLoad: 300000, script: 30000}, unhandledPromptBehavior: dismiss and notify}
Session ID: b3c75d24-871d-4ad1-9029-3ff22a19d5ad
*** Element info: {Using=xpath, value=//div[contains(text(),&apos;filtered from 120 total entries&apos;)]}
	at sun.reflect.NativeConstructorAccessorImpl.newInstance0(Native Method)
	at sun.reflect.NativeConstructorAccessorImpl.newInstance(Unknown Source)
	at sun.reflect.DelegatingConstructorAccessorImpl.newInstance(Unknown Source)
	at java.lang.reflect.Constructor.newInstance(Unknown Source)
	at org.openqa.selenium.remote.http.W3CHttpResponseCodec.createException(W3CHttpResponseCodec.java:187)
	at org.openqa.selenium.remote.http.W3CHttpResponseCodec.decode(W3CHttpResponseCodec.java:122)
	at org.openqa.selenium.remote.http.W3CHttpResponseCodec.decode(W3CHttpResponseCodec.java:49)
	at org.openqa.selenium.remote.HttpCommandExecutor.execute(HttpCommandExecutor.java:158)
	at org.openqa.selenium.remote.service.DriverCommandExecutor.execute(DriverCommandExecutor.java:83)
	at org.openqa.selenium.remote.RemoteWebDriver.execute(RemoteWebDriver.java:552)
	at org.openqa.selenium.remote.RemoteWebDriver.findElement(RemoteWebDriver.java:323)
	at org.openqa.selenium.remote.RemoteWebDriver.findElementByXPath(RemoteWebDriver.java:428)
	at org.openqa.selenium.By$ByXPath.findElement(By.java:353)
	at org.openqa.selenium.remote.RemoteWebDriver.findElement(RemoteWebDriver.java:315)
	at com.shp.automation.products.test.ProductSearchTest.productSearchTest(ProductSearchTest.java:31)
	at sun.reflect.NativeMethodAccessorImpl.invoke0(Native Method)
	at sun.reflect.NativeMethodAccessorImpl.invoke(Unknown Source)
	at sun.reflect.DelegatingMethodAccessorImpl.invoke(Unknown Source)
	at java.lang.reflect.Method.invoke(Unknown Source)
	at org.testng.internal.MethodInvocationHelper.invokeMethod(MethodInvocationHelper.java:132)
	at org.testng.internal.TestInvoker.invokeMethod(TestInvoker.java:599)
	at org.testng.internal.TestInvoker.invokeTestMethod(TestInvoker.java:174)
	at org.testng.internal.MethodRunner.runInSequence(MethodRunner.java:46)
	at org.testng.internal.TestInvoker$MethodInvocationAgent.invoke(TestInvoker.java:822)
	at org.testng.internal.TestInvoker.invokeTestMethods(TestInvoker.java:147)
	at org.testng.internal.TestMethodWorker.invokeTestMethods(TestMethodWorker.java:146)
	at org.testng.internal.TestMethodWorker.run(TestMethodWorker.java:128)
	at java.util.ArrayList.forEach(Unknown Source)
	at org.testng.TestRunner.privateRun(TestRunner.java:764)
	at org.testng.TestRunner.run(TestRunner.java:585)
	at org.testng.SuiteRunner.runTest(SuiteRunner.java:384)
	at org.testng.SuiteRunner.runSequentially(SuiteRunner.java:378)
	at org.testng.SuiteRunner.privateRun(SuiteRunner.java:337)
	at org.testng.SuiteRunner.run(SuiteRunner.java:286)
	at org.testng.SuiteRunnerWorker.runSuite(SuiteRunnerWorker.java:53)
	at org.testng.SuiteRunnerWorker.run(SuiteRunnerWorker.java:96)
	at org.testng.TestNG.runSuitesSequentially(TestNG.java:1218)
	at org.testng.TestNG.runSuitesLocally(TestNG.java:1140)
	at org.testng.TestNG.runSuites(TestNG.java:1069)
	at org.testng.TestNG.run(TestNG.java:1037)
	at org.testng.remote.AbstractRemoteTestNG.run(AbstractRemoteTestNG.java:115)
	at org.testng.remote.RemoteTestNG.initAndRun(RemoteTestNG.java:251)
	at org.testng.remote.RemoteTestNG.main(RemoteTestNG.java:77)

</div> <!-- stack-trace -->
                </div> <!-- method-content -->
              </div> <!-- method -->
            </div> <!-- main-panel-content rounded-window-bottom -->
          </div> <!-- suite-Default_suite-class-failed -->
          <div class="suite-Default_suite-class-passed">
            <div class="main-panel-header rounded-window-top">
              <img src="passed.png"/>
              <span class="class-name">com.shp.automation.test.uservalidation.LoginSanityTest</span>
            </div> <!-- main-panel-header rounded-window-top -->
            <div class="main-panel-content rounded-window-bottom">
              <div class="method">
                <div class="method-content">
                  <a name="launchTest">
                  </a> <!-- launchTest -->
                  <span class="method-name">launchTest</span>
                </div> <!-- method-content -->
              </div> <!-- method -->
              <div class="method">
                <div class="method-content">
                  <a name="loginLinkTest">
                  </a> <!-- loginLinkTest -->
                  <span class="method-name">loginLinkTest</span>
                </div> <!-- method-content -->
              </div> <!-- method -->
              <div class="method">
                <div class="method-content">
                  <a name="navigateToLoginTest">
                  </a> <!-- navigateToLoginTest -->
                  <span class="method-name">navigateToLoginTest</span>
                </div> <!-- method-content -->
              </div> <!-- method -->
            </div> <!-- main-panel-content rounded-window-bottom -->
          </div> <!-- suite-Default_suite-class-passed -->
          <div class="suite-Default_suite-class-passed">
            <div class="main-panel-header rounded-window-top">
              <img src="passed.png"/>
              <span class="class-name">com.shp.automation.test.register.RegisterFieldsTest</span>
            </div> <!-- main-panel-header rounded-window-top -->
            <div class="main-panel-content rounded-window-bottom">
              <div class="method">
                <div class="method-content">
                  <a name="isEmailFieldPresent">
                  </a> <!-- isEmailFieldPresent -->
                  <span class="method-name">isEmailFieldPresent</span>
                </div> <!-- method-content -->
              </div> <!-- method -->
              <div class="method">
                <div class="method-content">
                  <a name="isNameFieldPresent">
                  </a> <!-- isNameFieldPresent -->
                  <span class="method-name">isNameFieldPresent</span>
                </div> <!-- method-content -->
              </div> <!-- method -->
              <div class="method">
                <div class="method-content">
                  <a name="isPasswordFieldPresent">
                  </a> <!-- isPasswordFieldPresent -->
                  <span class="method-name">isPasswordFieldPresent</span>
                </div> <!-- method-content -->
              </div> <!-- method -->
              <div class="method">
                <div class="method-content">
                  <a name="isPhoneFieldPresent">
                  </a> <!-- isPhoneFieldPresent -->
                  <span class="method-name">isPhoneFieldPresent</span>
                </div> <!-- method-content -->
              </div> <!-- method -->
              <div class="method">
                <div class="method-content">
                  <a name="isUsernamePresent">
                  </a> <!-- isUsernamePresent -->
                  <span class="method-name">isUsernamePresent</span>
                </div> <!-- method-content -->
              </div> <!-- method -->
              <div class="method">
                <div class="method-content">
                  <a name="navigateToRegisterPage">
                  </a> <!-- navigateToRegisterPage -->
                  <span class="method-name">navigateToRegisterPage</span>
                </div> <!-- method-content -->
              </div> <!-- method -->
            </div> <!-- main-panel-content rounded-window-bottom -->
          </div> <!-- suite-Default_suite-class-passed -->
          <div class="suite-Default_suite-class-passed">
            <div class="main-panel-header rounded-window-top">
              <img src="passed.png"/>
              <span class="class-name">com.shp.automation.test.register.RegisterSanityTest</span>
            </div> <!-- main-panel-header rounded-window-top -->
            <div class="main-panel-content rounded-window-bottom">
              <div class="method">
                <div class="method-content">
                  <a name="registerSanityTest">
                  </a> <!-- registerSanityTest -->
                  <span class="method-name">registerSanityTest</span>
                </div> <!-- method-content -->
              </div> <!-- method -->
            </div> <!-- main-panel-content rounded-window-bottom -->
          </div> <!-- suite-Default_suite-class-passed -->
          <div class="suite-Default_suite-class-passed">
            <div class="main-panel-header rounded-window-top">
              <img src="passed.png"/>
              <span class="class-name">com.shp.automation.test.register.InvalidRegistrationTest</span>
            </div> <!-- main-panel-header rounded-window-top -->
            <div class="main-panel-content rounded-window-bottom">
              <div class="method">
                <div class="method-content">
                  <a name="invalidRegistrationTest">
                  </a> <!-- invalidRegistrationTest -->
                  <span class="method-name">invalidRegistrationTest</span>
                </div> <!-- method-content -->
              </div> <!-- method -->
            </div> <!-- main-panel-content rounded-window-bottom -->
          </div> <!-- suite-Default_suite-class-passed -->
          <div class="suite-Default_suite-class-passed">
            <div class="main-panel-header rounded-window-top">
              <img src="passed.png"/>
              <span class="class-name">com.shp.automation.home.test.HeaderTest</span>
            </div> <!-- main-panel-header rounded-window-top -->
            <div class="main-panel-content rounded-window-bottom">
              <div class="method">
                <div class="method-content">
                  <a name="headerTest">
                  </a> <!-- headerTest -->
                  <span class="method-name">headerTest</span>
                </div> <!-- method-content -->
              </div> <!-- method -->
            </div> <!-- main-panel-content rounded-window-bottom -->
          </div> <!-- suite-Default_suite-class-passed -->
          <div class="suite-Default_suite-class-passed">
            <div class="main-panel-header rounded-window-top">
              <img src="passed.png"/>
              <span class="class-name">com.shp.automation.products.test.ProductDetailsTest</span>
            </div> <!-- main-panel-header rounded-window-top -->
            <div class="main-panel-content rounded-window-bottom">
              <div class="method">
                <div class="method-content">
                  <a name="naviagateToProductTest">
                  </a> <!-- naviagateToProductTest -->
                  <span class="method-name">naviagateToProductTest</span>
                </div> <!-- method-content -->
              </div> <!-- method -->
              <div class="method">
                <div class="method-content">
                  <a name="searchProductDPTest(litika)">
                  </a> <!-- searchProductDPTest(litika) -->
                  <span class="method-name">searchProductDPTest</span>
                  <span class="parameters">(litika)</span>
                </div> <!-- method-content -->
              </div> <!-- method -->
              <div class="method">
                <div class="method-content">
                  <a name="searchProductDPTest(http)">
                  </a> <!-- searchProductDPTest(http) -->
                  <span class="method-name">searchProductDPTest</span>
                  <span class="parameters">(http)</span>
                </div> <!-- method-content -->
              </div> <!-- method -->
              <div class="method">
                <div class="method-content">
                  <a name="searchProductDPTest(shruti)">
                  </a> <!-- searchProductDPTest(shruti) -->
                  <span class="method-name">searchProductDPTest</span>
                  <span class="parameters">(shruti)</span>
                </div> <!-- method-content -->
              </div> <!-- method -->
              <div class="method">
                <div class="method-content">
                  <a name="searchProductDPTest(test)">
                  </a> <!-- searchProductDPTest(test) -->
                  <span class="method-name">searchProductDPTest</span>
                  <span class="parameters">(test)</span>
                </div> <!-- method-content -->
              </div> <!-- method -->
              <div class="method">
                <div class="method-content">
                  <a name="searchProductTest">
                  </a> <!-- searchProductTest -->
                  <span class="method-name">searchProductTest</span>
                </div> <!-- method-content -->
              </div> <!-- method -->
            </div> <!-- main-panel-content rounded-window-bottom -->
          </div> <!-- suite-Default_suite-class-passed -->
          <div class="suite-Default_suite-class-passed">
            <div class="main-panel-header rounded-window-top">
              <img src="passed.png"/>
              <span class="class-name">com.shp.automation.test.uservalidation.UserLoginTest</span>
            </div> <!-- main-panel-header rounded-window-top -->
            <div class="main-panel-content rounded-window-bottom">
              <div class="method">
                <div class="method-content">
                  <a name="loginTest(akash, akash)">
                  </a> <!-- loginTest(akash, akash) -->
                  <span class="method-name">loginTest</span>
                  <span class="parameters">(akash, akash)</span>
                </div> <!-- method-content -->
              </div> <!-- method -->
              <div class="method">
                <div class="method-content">
                  <a name="loginTest(usertest, usertest)">
                  </a> <!-- loginTest(usertest, usertest) -->
                  <span class="method-name">loginTest</span>
                  <span class="parameters">(usertest, usertest)</span>
                </div> <!-- method-content -->
              </div> <!-- method -->
              <div class="method">
                <div class="method-content">
                  <a name="loginTest(testuser, testuser)">
                  </a> <!-- loginTest(testuser, testuser) -->
                  <span class="method-name">loginTest</span>
                  <span class="parameters">(testuser, testuser)</span>
                </div> <!-- method-content -->
              </div> <!-- method -->
              <div class="method">
                <div class="method-content">
                  <a name="naviagateToLoginTest">
                  </a> <!-- naviagateToLoginTest -->
                  <span class="method-name">naviagateToLoginTest</span>
                </div> <!-- method-content -->
              </div> <!-- method -->
            </div> <!-- main-panel-content rounded-window-bottom -->
          </div> <!-- suite-Default_suite-class-passed -->
          <div class="suite-Default_suite-class-passed">
            <div class="main-panel-header rounded-window-top">
              <img src="passed.png"/>
              <span class="class-name">com.shp.automation.test.uservalidation.LoginNegativeTest</span>
            </div> <!-- main-panel-header rounded-window-top -->
            <div class="main-panel-content rounded-window-bottom">
              <div class="method">
                <div class="method-content">
                  <a name="loginNegativeTest">
                  </a> <!-- loginNegativeTest -->
                  <span class="method-name">loginNegativeTest</span>
                </div> <!-- method-content -->
              </div> <!-- method -->
            </div> <!-- main-panel-content rounded-window-bottom -->
          </div> <!-- suite-Default_suite-class-passed -->
          <div class="suite-Default_suite-class-passed">
            <div class="main-panel-header rounded-window-top">
              <img src="passed.png"/>
              <span class="class-name">com.shp.automation.home.test.HomeTest</span>
            </div> <!-- main-panel-header rounded-window-top -->
            <div class="main-panel-content rounded-window-bottom">
              <div class="method">
                <div class="method-content">
                  <a name="launchTest">
                  </a> <!-- launchTest -->
                  <span class="method-name">launchTest</span>
                </div> <!-- method-content -->
              </div> <!-- method -->
              <div class="method">
                <div class="method-content">
                  <a name="logoNavigationTest">
                  </a> <!-- logoNavigationTest -->
                  <span class="method-name">logoNavigationTest</span>
                </div> <!-- method-content -->
              </div> <!-- method -->
              <div class="method">
                <div class="method-content">
                  <a name="logoTest">
                  </a> <!-- logoTest -->
                  <span class="method-name">logoTest</span>
                </div> <!-- method-content -->
              </div> <!-- method -->
            </div> <!-- main-panel-content rounded-window-bottom -->
          </div> <!-- suite-Default_suite-class-passed -->
        </div> <!-- panel Default_suite -->
        <div panel-name="test-xml-Default_suite" class="panel">
          <div class="main-panel-header rounded-window-top">
            <span class="header-content">C:\Users\tejas\AppData\Local\Temp\testng-eclipse-375372023\testng-customsuite.xml</span>
          </div> <!-- main-panel-header rounded-window-top -->
          <div class="main-panel-content rounded-window-bottom">
            <pre>
&lt;?xml version=&quot;1.0&quot; encoding=&quot;UTF-8&quot;?&gt;
&lt;!DOCTYPE suite SYSTEM &quot;https://testng.org/testng-1.0.dtd&quot;&gt;
&lt;suite guice-stage=&quot;DEVELOPMENT&quot; name=&quot;Default suite&quot;&gt;
  &lt;test thread-count=&quot;5&quot; verbose=&quot;2&quot; name=&quot;Default test&quot;&gt;
    &lt;classes&gt;
      &lt;class name=&quot;com.shp.automation.utils.ExcelReader&quot;/&gt;
      &lt;class name=&quot;com.shp.automation.pages.products.ProductsPage&quot;/&gt;
      &lt;class name=&quot;com.shp.automation.base.test.ShpListener&quot;/&gt;
      &lt;class name=&quot;com.shp.automation.test.register.InvalidRegistrationTest&quot;/&gt;
      &lt;class name=&quot;com.shp.automation.pages.register.RegisterPage&quot;/&gt;
      &lt;class name=&quot;com.shp.automation.products.test.ProductTest&quot;/&gt;
      &lt;class name=&quot;com.shp.automation.base.test.ShpBaseTest&quot;/&gt;
      &lt;class name=&quot;com.shp.automation.home.test.HeaderTest&quot;/&gt;
      &lt;class name=&quot;com.shp.automation.pages.login.LoginPage&quot;/&gt;
      &lt;class name=&quot;com.shp.automation.test.uservalidation.LoginNegativeTest&quot;/&gt;
      &lt;class name=&quot;com.shp.automation.utils.DBReader&quot;/&gt;
      &lt;class name=&quot;com.shp.automation.test.uservalidation.UserLoginTest&quot;/&gt;
      &lt;class name=&quot;com.shp.automation.pages.home.HomePage&quot;/&gt;
      &lt;class name=&quot;com.shp.automation.home.test.HomeTest&quot;/&gt;
      &lt;class name=&quot;com.shp.automation.products.test.ProductDetailsTest&quot;/&gt;
      &lt;class name=&quot;com.shp.automation.test.register.RegisterFieldsTest&quot;/&gt;
      &lt;class name=&quot;com.shp.automation.pages.products.ProductDetailsPage&quot;/&gt;
      &lt;class name=&quot;com.shp.automation.utils.PropertyReader&quot;/&gt;
      &lt;class name=&quot;com.shp.automation.test.register.RegisterSanityTest&quot;/&gt;
      &lt;class name=&quot;com.shp.automation.products.test.ProductSearchTest&quot;/&gt;
      &lt;class name=&quot;com.shp.automation.pages.base.BasePage&quot;/&gt;
      &lt;class name=&quot;com.shp.automation.test.uservalidation.LoginSanityTest&quot;/&gt;
    &lt;/classes&gt;
  &lt;/test&gt; &lt;!-- Default test --&gt;
&lt;/suite&gt; &lt;!-- Default suite --&gt;
            </pre>
          </div> <!-- main-panel-content rounded-window-bottom -->
        </div> <!-- panel -->
        <div panel-name="testlist-Default_suite" class="panel">
          <div class="main-panel-header rounded-window-top">
            <span class="header-content">Tests for Default suite</span>
          </div> <!-- main-panel-header rounded-window-top -->
          <div class="main-panel-content rounded-window-bottom">
            <ul>
              <li>
                <span class="test-name">Default test (22 classes)</span>
              </li>
            </ul>
          </div> <!-- main-panel-content rounded-window-bottom -->
        </div> <!-- panel -->
        <div panel-name="group-Default_suite" class="panel">
          <div class="main-panel-header rounded-window-top">
            <span class="header-content">Groups for Default suite</span>
          </div> <!-- main-panel-header rounded-window-top -->
          <div class="main-panel-content rounded-window-bottom">
          </div> <!-- main-panel-content rounded-window-bottom -->
        </div> <!-- panel -->
        <div panel-name="times-Default_suite" class="panel">
          <div class="main-panel-header rounded-window-top">
            <span class="header-content">Times for Default suite</span>
          </div> <!-- main-panel-header rounded-window-top -->
          <div class="main-panel-content rounded-window-bottom">
            <div class="times-div">
              <script type="text/javascript">
suiteTableInitFunctions.push('tableData_Default_suite');
function tableData_Default_suite() {
var data = new google.visualization.DataTable();
data.addColumn('number', 'Number');
data.addColumn('string', 'Method');
data.addColumn('string', 'Class');
data.addColumn('number', 'Time (ms)');
data.addRows(29);
data.setCell(0, 0, 0)
data.setCell(0, 1, 'productSearchTest')
data.setCell(0, 2, 'com.shp.automation.products.test.ProductSearchTest')
data.setCell(0, 3, 17739);
data.setCell(1, 0, 1)
data.setCell(1, 1, 'searchProductDPTest')
data.setCell(1, 2, 'com.shp.automation.products.test.ProductDetailsTest')
data.setCell(1, 3, 10098);
data.setCell(2, 0, 2)
data.setCell(2, 1, 'productTest')
data.setCell(2, 2, 'com.shp.automation.products.test.ProductTest')
data.setCell(2, 3, 10016);
data.setCell(3, 0, 3)
data.setCell(3, 1, 'registerSanityTest')
data.setCell(3, 2, 'com.shp.automation.test.register.RegisterSanityTest')
data.setCell(3, 3, 8203);
data.setCell(4, 0, 4)
data.setCell(4, 1, 'invalidRegistrationTest')
data.setCell(4, 2, 'com.shp.automation.test.register.InvalidRegistrationTest')
data.setCell(4, 3, 8134);
data.setCell(5, 0, 5)
data.setCell(5, 1, 'loginTest')
data.setCell(5, 2, 'com.shp.automation.test.uservalidation.UserLoginTest')
data.setCell(5, 3, 6485);
data.setCell(6, 0, 6)
data.setCell(6, 1, 'loginTest')
data.setCell(6, 2, 'com.shp.automation.test.uservalidation.UserLoginTest')
data.setCell(6, 3, 5468);
data.setCell(7, 0, 7)
data.setCell(7, 1, 'loginTest')
data.setCell(7, 2, 'com.shp.automation.test.uservalidation.UserLoginTest')
data.setCell(7, 3, 5337);
data.setCell(8, 0, 8)
data.setCell(8, 1, 'naviagateToProductTest')
data.setCell(8, 2, 'com.shp.automation.products.test.ProductDetailsTest')
data.setCell(8, 3, 4292);
data.setCell(9, 0, 9)
data.setCell(9, 1, 'loginNegativeTest')
data.setCell(9, 2, 'com.shp.automation.test.uservalidation.LoginNegativeTest')
data.setCell(9, 3, 4155);
data.setCell(10, 0, 10)
data.setCell(10, 1, 'searchProductTest')
data.setCell(10, 2, 'com.shp.automation.products.test.ProductDetailsTest')
data.setCell(10, 3, 1144);
data.setCell(11, 0, 11)
data.setCell(11, 1, 'isPasswordFieldPresent')
data.setCell(11, 2, 'com.shp.automation.test.register.RegisterFieldsTest')
data.setCell(11, 3, 1057);
data.setCell(12, 0, 12)
data.setCell(12, 1, 'navigateToRegisterPage')
data.setCell(12, 2, 'com.shp.automation.test.register.RegisterFieldsTest')
data.setCell(12, 3, 677);
data.setCell(13, 0, 13)
data.setCell(13, 1, 'headerTest')
data.setCell(13, 2, 'com.shp.automation.home.test.HeaderTest')
data.setCell(13, 3, 492);
data.setCell(14, 0, 14)
data.setCell(14, 1, 'naviagateToLoginTest')
data.setCell(14, 2, 'com.shp.automation.test.uservalidation.UserLoginTest')
data.setCell(14, 3, 310);
data.setCell(15, 0, 15)
data.setCell(15, 1, 'navigateToLoginTest')
data.setCell(15, 2, 'com.shp.automation.test.uservalidation.LoginSanityTest')
data.setCell(15, 3, 290);
data.setCell(16, 0, 16)
data.setCell(16, 1, 'logoNavigationTest')
data.setCell(16, 2, 'com.shp.automation.home.test.HomeTest')
data.setCell(16, 3, 207);
data.setCell(17, 0, 17)
data.setCell(17, 1, 'searchProductDPTest')
data.setCell(17, 2, 'com.shp.automation.products.test.ProductDetailsTest')
data.setCell(17, 3, 124);
data.setCell(18, 0, 18)
data.setCell(18, 1, 'searchProductDPTest')
data.setCell(18, 2, 'com.shp.automation.products.test.ProductDetailsTest')
data.setCell(18, 3, 122);
data.setCell(19, 0, 19)
data.setCell(19, 1, 'searchProductDPTest')
data.setCell(19, 2, 'com.shp.automation.products.test.ProductDetailsTest')
data.setCell(19, 3, 116);
data.setCell(20, 0, 20)
data.setCell(20, 1, 'searchProductDPTest')
data.setCell(20, 2, 'com.shp.automation.products.test.ProductDetailsTest')
data.setCell(20, 3, 111);
data.setCell(21, 0, 21)
data.setCell(21, 1, 'isEmailFieldPresent')
data.setCell(21, 2, 'com.shp.automation.test.register.RegisterFieldsTest')
data.setCell(21, 3, 101);
data.setCell(22, 0, 22)
data.setCell(22, 1, 'isNameFieldPresent')
data.setCell(22, 2, 'com.shp.automation.test.register.RegisterFieldsTest')
data.setCell(22, 3, 83);
data.setCell(23, 0, 23)
data.setCell(23, 1, 'isPhoneFieldPresent')
data.setCell(23, 2, 'com.shp.automation.test.register.RegisterFieldsTest')
data.setCell(23, 3, 82);
data.setCell(24, 0, 24)
data.setCell(24, 1, 'isUsernamePresent')
data.setCell(24, 2, 'com.shp.automation.test.register.RegisterFieldsTest')
data.setCell(24, 3, 64);
data.setCell(25, 0, 25)
data.setCell(25, 1, 'loginLinkTest')
data.setCell(25, 2, 'com.shp.automation.test.uservalidation.LoginSanityTest')
data.setCell(25, 3, 50);
data.setCell(26, 0, 26)
data.setCell(26, 1, 'launchTest')
data.setCell(26, 2, 'com.shp.automation.test.uservalidation.LoginSanityTest')
data.setCell(26, 3, 36);
data.setCell(27, 0, 27)
data.setCell(27, 1, 'logoTest')
data.setCell(27, 2, 'com.shp.automation.home.test.HomeTest')
data.setCell(27, 3, 35);
data.setCell(28, 0, 28)
data.setCell(28, 1, 'launchTest')
data.setCell(28, 2, 'com.shp.automation.home.test.HomeTest')
data.setCell(28, 3, 6);
window.suiteTableData['Default_suite']= { tableData: data, tableDiv: 'times-div-Default_suite'}
return data;
}
              </script>
              <span class="suite-total-time">Total running time: 1 minutes</span>
              <div id="times-div-Default_suite">
              </div> <!-- times-div-Default_suite -->
            </div> <!-- times-div -->
          </div> <!-- main-panel-content rounded-window-bottom -->
        </div> <!-- panel -->
        <div panel-name="reporter-Default_suite" class="panel">
          <div class="main-panel-header rounded-window-top">
            <span class="header-content">Reporter output for Default suite</span>
          </div> <!-- main-panel-header rounded-window-top -->
          <div class="main-panel-content rounded-window-bottom">
          </div> <!-- main-panel-content rounded-window-bottom -->
        </div> <!-- panel -->
        <div panel-name="ignored-methods-Default_suite" class="panel">
          <div class="main-panel-header rounded-window-top">
            <span class="header-content">22 ignored methods</span>
          </div> <!-- main-panel-header rounded-window-top -->
          <div class="main-panel-content rounded-window-bottom">
            <div class="ignored-class-div">
              <span class="ignored-class-name">com.shp.automation.test.uservalidation.LoginSanityTest</span>
              <div class="ignored-methods-div">
                <span class="ignored-method-name">init</span>
                <br/>
                <span class="ignored-method-name">cleanUp</span>
                <br/>
              </div> <!-- ignored-methods-div -->
            </div> <!-- ignored-class-div -->
            <div class="ignored-class-div">
              <span class="ignored-class-name">com.shp.automation.products.test.ProductTest</span>
              <div class="ignored-methods-div">
                <span class="ignored-method-name">init</span>
                <br/>
                <span class="ignored-method-name">cleanUp</span>
                <br/>
              </div> <!-- ignored-methods-div -->
            </div> <!-- ignored-class-div -->
            <div class="ignored-class-div">
              <span class="ignored-class-name">com.shp.automation.test.register.RegisterFieldsTest</span>
              <div class="ignored-methods-div">
                <span class="ignored-method-name">init</span>
                <br/>
                <span class="ignored-method-name">cleanUp</span>
                <br/>
              </div> <!-- ignored-methods-div -->
            </div> <!-- ignored-class-div -->
            <div class="ignored-class-div">
              <span class="ignored-class-name">com.shp.automation.test.register.RegisterSanityTest</span>
              <div class="ignored-methods-div">
                <span class="ignored-method-name">init</span>
                <br/>
                <span class="ignored-method-name">cleanUp</span>
                <br/>
              </div> <!-- ignored-methods-div -->
            </div> <!-- ignored-class-div -->
            <div class="ignored-class-div">
              <span class="ignored-class-name">com.shp.automation.home.test.HeaderTest</span>
              <div class="ignored-methods-div">
                <span class="ignored-method-name">init</span>
                <br/>
                <span class="ignored-method-name">cleanUp</span>
                <br/>
              </div> <!-- ignored-methods-div -->
            </div> <!-- ignored-class-div -->
            <div class="ignored-class-div">
              <span class="ignored-class-name">com.shp.automation.test.uservalidation.UserLoginTest</span>
              <div class="ignored-methods-div">
                <span class="ignored-method-name">init</span>
                <br/>
                <span class="ignored-method-name">cleanUp</span>
                <br/>
              </div> <!-- ignored-methods-div -->
            </div> <!-- ignored-class-div -->
            <div class="ignored-class-div">
              <span class="ignored-class-name">com.shp.automation.products.test.ProductDetailsTest</span>
              <div class="ignored-methods-div">
                <span class="ignored-method-name">init</span>
                <br/>
                <span class="ignored-method-name">cleanUp</span>
                <br/>
              </div> <!-- ignored-methods-div -->
            </div> <!-- ignored-class-div -->
            <div class="ignored-class-div">
              <span class="ignored-class-name">com.shp.automation.base.test.ShpBaseTest</span>
              <div class="ignored-methods-div">
                <span class="ignored-method-name">init</span>
                <br/>
                <span class="ignored-method-name">cleanUp</span>
                <br/>
              </div> <!-- ignored-methods-div -->
            </div> <!-- ignored-class-div -->
            <div class="ignored-class-div">
              <span class="ignored-class-name">com.shp.automation.products.test.ProductSearchTest</span>
              <div class="ignored-methods-div">
                <span class="ignored-method-name">init</span>
                <br/>
                <span class="ignored-method-name">cleanUp</span>
                <br/>
              </div> <!-- ignored-methods-div -->
            </div> <!-- ignored-class-div -->
            <div class="ignored-class-div">
              <span class="ignored-class-name">com.shp.automation.test.uservalidation.LoginNegativeTest</span>
              <div class="ignored-methods-div">
                <span class="ignored-method-name">init</span>
                <br/>
                <span class="ignored-method-name">cleanUp</span>
                <br/>
              </div> <!-- ignored-methods-div -->
            </div> <!-- ignored-class-div -->
            <div class="ignored-class-div">
              <span class="ignored-class-name">com.shp.automation.home.test.HomeTest</span>
              <div class="ignored-methods-div">
                <span class="ignored-method-name">init</span>
                <br/>
                <span class="ignored-method-name">cleanUp</span>
                <br/>
              </div> <!-- ignored-methods-div -->
            </div> <!-- ignored-class-div -->
          </div> <!-- main-panel-content rounded-window-bottom -->
        </div> <!-- panel -->
        <div panel-name="chronological-Default_suite" class="panel">
          <div class="main-panel-header rounded-window-top">
            <span class="header-content">Methods in chronological order</span>
          </div> <!-- main-panel-header rounded-window-top -->
          <div class="main-panel-content rounded-window-bottom">
            <div class="chronological-class">
              <div class="chronological-class-name">com.shp.automation.test.register.InvalidRegistrationTest</div> <!-- chronological-class-name -->
              <div class="configuration-suite before">
                <span class="method-name">init</span>
                <span class="method-start">0 ms</span>
              </div> <!-- configuration-suite before -->
              <div class="test-method">
                <span class="method-name">invalidRegistrationTest</span>
                <span class="method-start">4841 ms</span>
              </div> <!-- test-method -->
            </div> <!-- chronological-class -->
            <div class="chronological-class">
              <div class="chronological-class-name">com.shp.automation.products.test.ProductTest</div> <!-- chronological-class-name -->
              <div class="test-method">
                <img src="failed.png">
                </img>
                <span class="method-name">productTest</span>
                <span class="method-start">13072 ms</span>
              </div> <!-- test-method -->
            </div> <!-- chronological-class -->
            <div class="chronological-class">
              <div class="chronological-class-name">com.shp.automation.home.test.HeaderTest</div> <!-- chronological-class-name -->
              <div class="test-method">
                <span class="method-name">headerTest</span>
                <span class="method-start">23162 ms</span>
              </div> <!-- test-method -->
            </div> <!-- chronological-class -->
            <div class="chronological-class">
              <div class="chronological-class-name">com.shp.automation.test.uservalidation.LoginNegativeTest</div> <!-- chronological-class-name -->
              <div class="test-method">
                <span class="method-name">loginNegativeTest</span>
                <span class="method-start">24136 ms</span>
              </div> <!-- test-method -->
            </div> <!-- chronological-class -->
            <div class="chronological-class">
              <div class="chronological-class-name">com.shp.automation.test.uservalidation.UserLoginTest</div> <!-- chronological-class-name -->
              <div class="test-method">
                <span class="method-name">naviagateToLoginTest</span>
                <span class="method-start">28360 ms</span>
              </div> <!-- test-method -->
              <div class="test-method">
                <span class="method-name">loginTest(testuser, testuser)</span>
                <span class="method-start">29084 ms</span>
              </div> <!-- test-method -->
              <div class="test-method">
                <span class="method-name">loginTest(akash, akash)</span>
                <span class="method-start">35646 ms</span>
              </div> <!-- test-method -->
              <div class="test-method">
                <span class="method-name">loginTest(usertest, usertest)</span>
                <span class="method-start">41068 ms</span>
              </div> <!-- test-method -->
            </div> <!-- chronological-class -->
            <div class="chronological-class">
              <div class="chronological-class-name">com.shp.automation.home.test.HomeTest</div> <!-- chronological-class-name -->
              <div class="test-method">
                <span class="method-name">launchTest</span>
                <span class="method-start">46610 ms</span>
              </div> <!-- test-method -->
              <div class="test-method">
                <span class="method-name">logoNavigationTest</span>
                <span class="method-start">46684 ms</span>
              </div> <!-- test-method -->
              <div class="test-method">
                <span class="method-name">logoTest</span>
                <span class="method-start">47332 ms</span>
              </div> <!-- test-method -->
            </div> <!-- chronological-class -->
            <div class="chronological-class">
              <div class="chronological-class-name">com.shp.automation.products.test.ProductDetailsTest</div> <!-- chronological-class-name -->
              <div class="test-method">
                <span class="method-name">naviagateToProductTest</span>
                <span class="method-start">47774 ms</span>
              </div> <!-- test-method -->
              <div class="test-method">
                <span class="method-name">searchProductDPTest(http)</span>
                <span class="method-start">52160 ms</span>
              </div> <!-- test-method -->
              <div class="test-method">
                <span class="method-name">searchProductDPTest(test)</span>
                <span class="method-start">52357 ms</span>
              </div> <!-- test-method -->
              <div class="test-method">
                <span class="method-name">searchProductDPTest(shruti)</span>
                <span class="method-start">52549 ms</span>
              </div> <!-- test-method -->
              <div class="test-method">
                <span class="method-name">searchProductDPTest(litika)</span>
                <span class="method-start">52741 ms</span>
              </div> <!-- test-method -->
              <div class="test-method">
                <img src="failed.png">
                </img>
                <span class="method-name">searchProductDPTest(abc)</span>
                <span class="method-start">52935 ms</span>
              </div> <!-- test-method -->
              <div class="test-method">
                <span class="method-name">searchProductTest</span>
                <span class="method-start">63110 ms</span>
              </div> <!-- test-method -->
            </div> <!-- chronological-class -->
            <div class="chronological-class">
              <div class="chronological-class-name">com.shp.automation.test.register.RegisterFieldsTest</div> <!-- chronological-class-name -->
              <div class="test-method">
                <span class="method-name">navigateToRegisterPage</span>
                <span class="method-start">64330 ms</span>
              </div> <!-- test-method -->
              <div class="test-method">
                <span class="method-name">isNameFieldPresent</span>
                <span class="method-start">65080 ms</span>
              </div> <!-- test-method -->
              <div class="test-method">
                <span class="method-name">isEmailFieldPresent</span>
                <span class="method-start">65235 ms</span>
              </div> <!-- test-method -->
              <div class="test-method">
                <span class="method-name">isPhoneFieldPresent</span>
                <span class="method-start">65410 ms</span>
              </div> <!-- test-method -->
              <div class="test-method">
                <span class="method-name">isUsernamePresent</span>
                <span class="method-start">65568 ms</span>
              </div> <!-- test-method -->
              <div class="test-method">
                <span class="method-name">isPasswordFieldPresent</span>
                <span class="method-start">65716 ms</span>
              </div> <!-- test-method -->
            </div> <!-- chronological-class -->
            <div class="chronological-class">
              <div class="chronological-class-name">com.shp.automation.test.register.RegisterSanityTest</div> <!-- chronological-class-name -->
              <div class="test-method">
                <span class="method-name">registerSanityTest</span>
                <span class="method-start">66849 ms</span>
              </div> <!-- test-method -->
            </div> <!-- chronological-class -->
            <div class="chronological-class">
              <div class="chronological-class-name">com.shp.automation.products.test.ProductSearchTest</div> <!-- chronological-class-name -->
              <div class="test-method">
                <img src="failed.png">
                </img>
                <span class="method-name">productSearchTest</span>
                <span class="method-start">75120 ms</span>
              </div> <!-- test-method -->
            </div> <!-- chronological-class -->
            <div class="chronological-class">
              <div class="chronological-class-name">com.shp.automation.test.uservalidation.LoginSanityTest</div> <!-- chronological-class-name -->
              <div class="test-method">
                <span class="method-name">launchTest</span>
                <span class="method-start">92942 ms</span>
              </div> <!-- test-method -->
              <div class="test-method">
                <span class="method-name">loginLinkTest</span>
                <span class="method-start">93051 ms</span>
              </div> <!-- test-method -->
              <div class="test-method">
                <span class="method-name">navigateToLoginTest</span>
                <span class="method-start">93172 ms</span>
              </div> <!-- test-method -->
            </div> <!-- chronological-class -->
            <div class="chronological-class">
              <div class="chronological-class-name">com.shp.automation.test.register.InvalidRegistrationTest</div> <!-- chronological-class-name -->
              <div class="configuration-suite after">
                <span class="method-name">cleanUp</span>
                <span class="method-start">93572 ms</span>
              </div> <!-- configuration-suite after -->
          </div> <!-- main-panel-content rounded-window-bottom -->
        </div> <!-- panel -->
      </div> <!-- main-panel-root -->
    </div> <!-- wrapper -->
  </body>
<script type="text/javascript" src="testng-reports2.js"></script>
</html>
